Started GET "/" for ::1 at 2017-03-24 22:29:28 -0500
  
ActiveRecord::PendingMigrationError (

Migrations are pending. To resolve this issue, run:

        bin/rails db:migrate RAILS_ENV=development

):
  
activerecord (5.0.2) lib/active_record/migration.rb:573:in `check_pending!'
activerecord (5.0.2) lib/active_record/migration.rb:549:in `call'
actionpack (5.0.2) lib/action_dispatch/middleware/callbacks.rb:38:in `block in call'
activesupport (5.0.2) lib/active_support/callbacks.rb:97:in `__run_callbacks__'
activesupport (5.0.2) lib/active_support/callbacks.rb:750:in `_run_call_callbacks'
activesupport (5.0.2) lib/active_support/callbacks.rb:90:in `run_callbacks'
actionpack (5.0.2) lib/action_dispatch/middleware/callbacks.rb:36:in `call'
actionpack (5.0.2) lib/action_dispatch/middleware/executor.rb:12:in `call'
actionpack (5.0.2) lib/action_dispatch/middleware/remote_ip.rb:79:in `call'
actionpack (5.0.2) lib/action_dispatch/middleware/debug_exceptions.rb:49:in `call'
web-console (3.4.0) lib/web_console/middleware.rb:135:in `call_app'
web-console (3.4.0) lib/web_console/middleware.rb:28:in `block in call'
web-console (3.4.0) lib/web_console/middleware.rb:18:in `catch'
web-console (3.4.0) lib/web_console/middleware.rb:18:in `call'
actionpack (5.0.2) lib/action_dispatch/middleware/show_exceptions.rb:31:in `call'
railties (5.0.2) lib/rails/rack/logger.rb:36:in `call_app'
railties (5.0.2) lib/rails/rack/logger.rb:24:in `block in call'
activesupport (5.0.2) lib/active_support/tagged_logging.rb:69:in `block in tagged'
activesupport (5.0.2) lib/active_support/tagged_logging.rb:26:in `tagged'
activesupport (5.0.2) lib/active_support/tagged_logging.rb:69:in `tagged'
railties (5.0.2) lib/rails/rack/logger.rb:24:in `call'
sprockets-rails (3.2.0) lib/sprockets/rails/quiet_assets.rb:13:in `call'
actionpack (5.0.2) lib/action_dispatch/middleware/request_id.rb:24:in `call'
rack (2.0.1) lib/rack/method_override.rb:22:in `call'
rack (2.0.1) lib/rack/runtime.rb:22:in `call'
activesupport (5.0.2) lib/active_support/cache/strategy/local_cache_middleware.rb:28:in `call'
actionpack (5.0.2) lib/action_dispatch/middleware/executor.rb:12:in `call'
actionpack (5.0.2) lib/action_dispatch/middleware/static.rb:136:in `call'
rack (2.0.1) lib/rack/sendfile.rb:111:in `call'
railties (5.0.2) lib/rails/engine.rb:522:in `call'
puma (3.8.2) lib/puma/configuration.rb:224:in `call'
puma (3.8.2) lib/puma/server.rb:600:in `handle_request'
puma (3.8.2) lib/puma/server.rb:435:in `process_client'
puma (3.8.2) lib/puma/server.rb:299:in `block in run'
puma (3.8.2) lib/puma/thread_pool.rb:120:in `block in spawn_thread'
  Rendering /Users/riley/.rvm/gems/ruby-2.3.3/gems/actionpack-5.0.2/lib/action_dispatch/middleware/templates/rescues/diagnostics.html.erb within rescues/layout
  Rendering /Users/riley/.rvm/gems/ruby-2.3.3/gems/actionpack-5.0.2/lib/action_dispatch/middleware/templates/rescues/_source.html.erb
  Rendered /Users/riley/.rvm/gems/ruby-2.3.3/gems/actionpack-5.0.2/lib/action_dispatch/middleware/templates/rescues/_source.html.erb (3.1ms)
  Rendering /Users/riley/.rvm/gems/ruby-2.3.3/gems/actionpack-5.0.2/lib/action_dispatch/middleware/templates/rescues/_trace.html.erb
  Rendered /Users/riley/.rvm/gems/ruby-2.3.3/gems/actionpack-5.0.2/lib/action_dispatch/middleware/templates/rescues/_trace.html.erb (1.9ms)
  Rendering /Users/riley/.rvm/gems/ruby-2.3.3/gems/actionpack-5.0.2/lib/action_dispatch/middleware/templates/rescues/_request_and_response.html.erb
  Rendered /Users/riley/.rvm/gems/ruby-2.3.3/gems/actionpack-5.0.2/lib/action_dispatch/middleware/templates/rescues/_request_and_response.html.erb (1.3ms)
  Rendered /Users/riley/.rvm/gems/ruby-2.3.3/gems/actionpack-5.0.2/lib/action_dispatch/middleware/templates/rescues/diagnostics.html.erb within rescues/layout (96.5ms)
  [1m[35m (1.6ms)[0m  [1m[35mCREATE TABLE "schema_migrations" ("version" varchar NOT NULL PRIMARY KEY)[0m
  [1m[35m (1.2ms)[0m  [1m[35mCREATE TABLE "ar_internal_metadata" ("key" varchar NOT NULL PRIMARY KEY, "value" varchar, "created_at" datetime NOT NULL, "updated_at" datetime NOT NULL)[0m
  [1m[36mActiveRecord::SchemaMigration Load (0.2ms)[0m  [1m[34mSELECT "schema_migrations".* FROM "schema_migrations"[0m
Migrating to CreateArticles (20170325032816)
  [1m[35m (0.1ms)[0m  [1m[36mbegin transaction[0m
  [1m[35m (0.4ms)[0m  [1m[35mCREATE TABLE "articles" ("id" INTEGER PRIMARY KEY AUTOINCREMENT NOT NULL, "title" varchar, "author" varchar, "content" varchar, "created_at" datetime NOT NULL, "updated_at" datetime NOT NULL)[0m
  [1m[35mSQL (0.2ms)[0m  [1m[32mINSERT INTO "schema_migrations" ("version") VALUES (?)[0m  [["version", "20170325032816"]]
  [1m[35m (1.2ms)[0m  [1m[36mcommit transaction[0m
  [1m[36mActiveRecord::InternalMetadata Load (0.3ms)[0m  [1m[34mSELECT  "ar_internal_metadata".* FROM "ar_internal_metadata" WHERE "ar_internal_metadata"."key" = ? LIMIT ?[0m  [["key", :environment], ["LIMIT", 1]]
  [1m[35m (0.1ms)[0m  [1m[36mbegin transaction[0m
  [1m[35mSQL (0.4ms)[0m  [1m[32mINSERT INTO "ar_internal_metadata" ("key", "value", "created_at", "updated_at") VALUES (?, ?, ?, ?)[0m  [["key", "environment"], ["value", "development"], ["created_at", 2017-03-25 03:29:51 UTC], ["updated_at", 2017-03-25 03:29:51 UTC]]
  [1m[35m (1.1ms)[0m  [1m[36mcommit transaction[0m
  [1m[36mActiveRecord::SchemaMigration Load (0.1ms)[0m  [1m[34mSELECT "schema_migrations".* FROM "schema_migrations"[0m
Started GET "/" for ::1 at 2017-03-24 22:29:53 -0500
  [1m[36mActiveRecord::SchemaMigration Load (0.2ms)[0m  [1m[34mSELECT "schema_migrations".* FROM "schema_migrations"[0m
Processing by Rails::WelcomeController#index as HTML
  Parameters: {"internal"=>true}
  Rendering /Users/riley/.rvm/gems/ruby-2.3.3/gems/railties-5.0.2/lib/rails/templates/rails/welcome/index.html.erb
  Rendered /Users/riley/.rvm/gems/ruby-2.3.3/gems/railties-5.0.2/lib/rails/templates/rails/welcome/index.html.erb (5.2ms)
Completed 200 OK in 27ms (Views: 10.2ms | ActiveRecord: 0.0ms)


Started GET "/articles" for ::1 at 2017-03-24 22:30:07 -0500
Processing by ArticlesController#index as HTML
  Rendering articles/index.html.erb within layouts/application
  [1m[36mArticle Load (0.1ms)[0m  [1m[34mSELECT "articles".* FROM "articles"[0m
  Rendered articles/index.html.erb within layouts/application (3.2ms)
Completed 200 OK in 1130ms (Views: 1121.9ms | ActiveRecord: 0.5ms)


Started GET "/articles/new" for ::1 at 2017-03-24 22:30:11 -0500
Processing by ArticlesController#new as HTML
  Rendering articles/new.html.erb within layouts/application
  Rendered articles/_form.html.erb (26.8ms)
  Rendered articles/new.html.erb within layouts/application (31.3ms)
Completed 200 OK in 96ms (Views: 75.4ms | ActiveRecord: 1.4ms)


Started POST "/articles" for ::1 at 2017-03-24 22:30:25 -0500
Processing by ArticlesController#create as HTML
  Parameters: {"utf8"=>"✓", "authenticity_token"=>"fgFEBOp68uDDks3IEBcasekekoMbIQNABUTRtMMUb47iA/xE2BO8cSPX7MLQmrI+RwCWwF1GJPnAVkLQA0m4bw==", "article"=>{"title"=>"Hello world", "author"=>"Riley", "content"=>"Hello!"}, "commit"=>"Create Article"}
  [1m[35m (0.2ms)[0m  [1m[36mbegin transaction[0m
  [1m[35mSQL (1.9ms)[0m  [1m[32mINSERT INTO "articles" ("title", "author", "content", "created_at", "updated_at") VALUES (?, ?, ?, ?, ?)[0m  [["title", "Hello world"], ["author", "Riley"], ["content", "Hello!"], ["created_at", 2017-03-25 03:30:25 UTC], ["updated_at", 2017-03-25 03:30:25 UTC]]
  [1m[35m (1.1ms)[0m  [1m[36mcommit transaction[0m
Redirected to http://localhost:3000/articles/1
Completed 302 Found in 12ms (ActiveRecord: 3.2ms)


Started GET "/articles/1" for ::1 at 2017-03-24 22:30:25 -0500
Processing by ArticlesController#show as HTML
  Parameters: {"id"=>"1"}
  [1m[36mArticle Load (0.9ms)[0m  [1m[34mSELECT  "articles".* FROM "articles" WHERE "articles"."id" = ? LIMIT ?[0m  [["id", 1], ["LIMIT", 1]]
  Rendering articles/show.html.erb within layouts/application
  Rendered articles/show.html.erb within layouts/application (1.7ms)
Completed 200 OK in 80ms (Views: 70.1ms | ActiveRecord: 0.9ms)


Started GET "/articles" for ::1 at 2017-03-24 22:30:28 -0500
Processing by ArticlesController#index as HTML
  Rendering articles/index.html.erb within layouts/application
  [1m[36mArticle Load (1.9ms)[0m  [1m[34mSELECT "articles".* FROM "articles"[0m
  Rendered articles/index.html.erb within layouts/application (16.5ms)
Completed 200 OK in 76ms (Views: 70.5ms | ActiveRecord: 1.9ms)


Started GET "/articles" for ::1 at 2017-03-24 22:30:47 -0500
  [1m[36mActiveRecord::SchemaMigration Load (0.1ms)[0m  [1m[34mSELECT "schema_migrations".* FROM "schema_migrations"[0m
Processing by ArticlesController#index as HTML
  Rendering articles/index.html.erb within layouts/application
  [1m[36mArticle Load (0.2ms)[0m  [1m[34mSELECT "articles".* FROM "articles"[0m
  Rendered articles/index.html.erb within layouts/application (2.9ms)
Completed 200 OK in 37ms (Views: 34.7ms | ActiveRecord: 0.2ms)


Started GET "/articles/1/edit" for ::1 at 2017-03-24 22:30:49 -0500
Processing by ArticlesController#edit as HTML
  Parameters: {"id"=>"1"}
  [1m[36mArticle Load (0.2ms)[0m  [1m[34mSELECT  "articles".* FROM "articles" WHERE "articles"."id" = ? LIMIT ?[0m  [["id", 1], ["LIMIT", 1]]
  Rendering articles/edit.html.erb within layouts/application
  Rendered articles/_form.html.erb (12.3ms)
  Rendered articles/edit.html.erb within layouts/application (20.2ms)
Completed 200 OK in 56ms (Views: 51.6ms | ActiveRecord: 0.2ms)


Started PATCH "/articles/1" for ::1 at 2017-03-24 22:30:51 -0500
Processing by ArticlesController#update as HTML
  Parameters: {"utf8"=>"✓", "authenticity_token"=>"KNuXx/1C/81P+G1Czy5wWcUcmZe6/rI6jVaBA+UCslIqfGv+2V9+AE7vzHgKJnUodK7PwAdKvJbJQIGqCYdchA==", "article"=>{"title"=>"Hello world", "author"=>"Riley", "content"=>"Hello!"}, "commit"=>"Update Article", "id"=>"1"}
  [1m[36mArticle Load (0.2ms)[0m  [1m[34mSELECT  "articles".* FROM "articles" WHERE "articles"."id" = ? LIMIT ?[0m  [["id", 1], ["LIMIT", 1]]
  [1m[35m (0.2ms)[0m  [1m[36mbegin transaction[0m
  [1m[35m (0.0ms)[0m  [1m[36mcommit transaction[0m
Redirected to http://localhost:3000/articles/1
Completed 302 Found in 4ms (ActiveRecord: 0.4ms)


Started GET "/articles/1" for ::1 at 2017-03-24 22:30:51 -0500
Processing by ArticlesController#show as HTML
  Parameters: {"id"=>"1"}
  [1m[36mArticle Load (0.3ms)[0m  [1m[34mSELECT  "articles".* FROM "articles" WHERE "articles"."id" = ? LIMIT ?[0m  [["id", 1], ["LIMIT", 1]]
  Rendering articles/show.html.erb within layouts/application
  Rendered articles/show.html.erb within layouts/application (1.0ms)
Completed 200 OK in 28ms (Views: 24.2ms | ActiveRecord: 0.3ms)


Started GET "/articles" for ::1 at 2017-03-24 22:30:52 -0500
Processing by ArticlesController#index as HTML
  Rendering articles/index.html.erb within layouts/application
  [1m[36mArticle Load (1.3ms)[0m  [1m[34mSELECT "articles".* FROM "articles"[0m
  Rendered articles/index.html.erb within layouts/application (13.9ms)
Completed 200 OK in 61ms (Views: 55.5ms | ActiveRecord: 1.3ms)


Started GET "/articles/1/edit" for ::1 at 2017-03-24 22:30:54 -0500
Processing by ArticlesController#edit as HTML
  Parameters: {"id"=>"1"}
  [1m[36mArticle Load (0.2ms)[0m  [1m[34mSELECT  "articles".* FROM "articles" WHERE "articles"."id" = ? LIMIT ?[0m  [["id", 1], ["LIMIT", 1]]
  Rendering articles/edit.html.erb within layouts/application
  Rendered articles/_form.html.erb (10.9ms)
  Rendered articles/edit.html.erb within layouts/application (15.8ms)
Completed 200 OK in 54ms (Views: 50.1ms | ActiveRecord: 0.2ms)


Started GET "/articles/1/edit" for ::1 at 2017-03-24 22:31:19 -0500
Processing by ArticlesController#edit as HTML
  Parameters: {"id"=>"1"}
  [1m[36mArticle Load (0.1ms)[0m  [1m[34mSELECT  "articles".* FROM "articles" WHERE "articles"."id" = ? LIMIT ?[0m  [["id", 1], ["LIMIT", 1]]
  Rendering articles/edit.html.erb within layouts/application
  Rendered articles/_form.html.erb (3.7ms)
  Rendered articles/edit.html.erb within layouts/application (5.8ms)
Completed 200 OK in 30ms (Views: 26.7ms | ActiveRecord: 0.1ms)


Started PATCH "/articles/1" for ::1 at 2017-03-24 22:31:32 -0500
Processing by ArticlesController#update as HTML
  Parameters: {"utf8"=>"✓", "authenticity_token"=>"9VdmjGYKAs2Xyp/VdxVloHa78w4FYl0UUoYhHoZIvodVOGZfbmKtpdR2KzX6XmFVM9qhkISNg+ruDeiAwHYRBA==", "article"=>{"title"=>"Hello world", "author"=>"Riley", "content"=>"Hello!"}, "commit"=>"Update Article", "id"=>"1"}
  [1m[36mArticle Load (0.2ms)[0m  [1m[34mSELECT  "articles".* FROM "articles" WHERE "articles"."id" = ? LIMIT ?[0m  [["id", 1], ["LIMIT", 1]]
  [1m[35m (0.1ms)[0m  [1m[36mbegin transaction[0m
  [1m[35m (0.0ms)[0m  [1m[36mcommit transaction[0m
Redirected to http://localhost:3000/articles/1
Completed 302 Found in 3ms (ActiveRecord: 0.3ms)


Started GET "/articles/1" for ::1 at 2017-03-24 22:31:32 -0500
Processing by ArticlesController#show as HTML
  Parameters: {"id"=>"1"}
  [1m[36mArticle Load (0.1ms)[0m  [1m[34mSELECT  "articles".* FROM "articles" WHERE "articles"."id" = ? LIMIT ?[0m  [["id", 1], ["LIMIT", 1]]
  Rendering articles/show.html.erb within layouts/application
  Rendered articles/show.html.erb within layouts/application (1.0ms)
Completed 200 OK in 31ms (Views: 28.2ms | ActiveRecord: 0.1ms)


Started GET "/articles" for ::1 at 2017-03-24 22:31:34 -0500
Processing by ArticlesController#index as HTML
  Rendering articles/index.html.erb within layouts/application
  [1m[36mArticle Load (0.2ms)[0m  [1m[34mSELECT "articles".* FROM "articles"[0m
  Rendered articles/index.html.erb within layouts/application (7.2ms)
Completed 200 OK in 57ms (Views: 54.3ms | ActiveRecord: 0.2ms)


  [1m[36mActiveRecord::SchemaMigration Load (0.2ms)[0m  [1m[34mSELECT "schema_migrations".* FROM "schema_migrations"[0m
Migrating to ActsAsTaggableOnMigration (20170325033432)
  [1m[35m (0.1ms)[0m  [1m[36mbegin transaction[0m
DEPRECATION WARNING: Directly inheriting from ActiveRecord::Migration is deprecated. Please specify the Rails release the migration was written for:

  class ActsAsTaggableOnMigration < ActiveRecord::Migration[4.2] (called from require at /Users/riley/Desktop/Rails/blog/bin/rails:9)
  [1m[35m (0.5ms)[0m  [1m[35mCREATE TABLE "tags" ("id" INTEGER PRIMARY KEY AUTOINCREMENT NOT NULL, "name" varchar)[0m
  [1m[35m (0.1ms)[0m  [1m[35mCREATE TABLE "taggings" ("id" INTEGER PRIMARY KEY AUTOINCREMENT NOT NULL, "tag_id" integer, "taggable_type" varchar, "taggable_id" integer, "tagger_type" varchar, "tagger_id" integer, "context" varchar(128), "created_at" datetime)[0m
  [1m[35m (0.1ms)[0m  [1m[34mselect sqlite_version(*)[0m
  [1m[35m (0.1ms)[0m  [1m[35mCREATE  INDEX "index_taggings_on_tag_id" ON "taggings" ("tag_id")[0m
  [1m[35m (0.2ms)[0m  [1m[34m            SELECT sql
            FROM sqlite_master
            WHERE name='index_taggings_on_tag_id' AND type='index'
            UNION ALL
            SELECT sql
            FROM sqlite_temp_master
            WHERE name='index_taggings_on_tag_id' AND type='index'
[0m
  [1m[35m (0.3ms)[0m  [1m[35mCREATE  INDEX "index_taggings_on_taggable_id_and_taggable_type_and_context" ON "taggings" ("taggable_id", "taggable_type", "context")[0m
  [1m[35mSQL (0.2ms)[0m  [1m[32mINSERT INTO "schema_migrations" ("version") VALUES (?)[0m  [["version", "20170325033432"]]
  [1m[35m (32.7ms)[0m  [1m[36mcommit transaction[0m
Migrating to AddMissingUniqueIndices (20170325033433)
  [1m[35m (0.1ms)[0m  [1m[36mbegin transaction[0m
DEPRECATION WARNING: Directly inheriting from ActiveRecord::Migration is deprecated. Please specify the Rails release the migration was written for:

  class AddMissingUniqueIndices < ActiveRecord::Migration[4.2] (called from require at /Users/riley/Desktop/Rails/blog/bin/rails:9)
  [1m[35m (6.2ms)[0m  [1m[35mCREATE UNIQUE INDEX "index_tags_on_name" ON "tags" ("name")[0m
  [1m[35m (0.2ms)[0m  [1m[34m            SELECT sql
            FROM sqlite_master
            WHERE name='index_taggings_on_taggable_id_and_taggable_type_and_context' AND type='index'
            UNION ALL
            SELECT sql
            FROM sqlite_temp_master
            WHERE name='index_taggings_on_taggable_id_and_taggable_type_and_context' AND type='index'
[0m
  [1m[35m (0.1ms)[0m  [1m[34m            SELECT sql
            FROM sqlite_master
            WHERE name='index_taggings_on_tag_id' AND type='index'
            UNION ALL
            SELECT sql
            FROM sqlite_temp_master
            WHERE name='index_taggings_on_tag_id' AND type='index'
[0m
  [1m[35m (0.1ms)[0m  [1m[34m            SELECT sql
            FROM sqlite_master
            WHERE name='index_taggings_on_taggable_id_and_taggable_type_and_context' AND type='index'
            UNION ALL
            SELECT sql
            FROM sqlite_temp_master
            WHERE name='index_taggings_on_taggable_id_and_taggable_type_and_context' AND type='index'
[0m
  [1m[35m (0.1ms)[0m  [1m[34m            SELECT sql
            FROM sqlite_master
            WHERE name='index_taggings_on_tag_id' AND type='index'
            UNION ALL
            SELECT sql
            FROM sqlite_temp_master
            WHERE name='index_taggings_on_tag_id' AND type='index'
[0m
  [1m[35m (2.0ms)[0m  [1m[34m            SELECT sql
            FROM sqlite_master
            WHERE name='index_taggings_on_taggable_id_and_taggable_type_and_context' AND type='index'
            UNION ALL
            SELECT sql
            FROM sqlite_temp_master
            WHERE name='index_taggings_on_taggable_id_and_taggable_type_and_context' AND type='index'
[0m
  [1m[35m (0.2ms)[0m  [1m[34m            SELECT sql
            FROM sqlite_master
            WHERE name='index_taggings_on_tag_id' AND type='index'
            UNION ALL
            SELECT sql
            FROM sqlite_temp_master
            WHERE name='index_taggings_on_tag_id' AND type='index'
[0m
  [1m[35m (0.7ms)[0m  [1m[35mDROP INDEX "index_taggings_on_tag_id"[0m
  [1m[35m (0.2ms)[0m  [1m[34m            SELECT sql
            FROM sqlite_master
            WHERE name='index_taggings_on_taggable_id_and_taggable_type_and_context' AND type='index'
            UNION ALL
            SELECT sql
            FROM sqlite_temp_master
            WHERE name='index_taggings_on_taggable_id_and_taggable_type_and_context' AND type='index'
[0m
  [1m[35m (0.2ms)[0m  [1m[34m            SELECT sql
            FROM sqlite_master
            WHERE name='index_taggings_on_taggable_id_and_taggable_type_and_context' AND type='index'
            UNION ALL
            SELECT sql
            FROM sqlite_temp_master
            WHERE name='index_taggings_on_taggable_id_and_taggable_type_and_context' AND type='index'
[0m
  [1m[35m (0.6ms)[0m  [1m[35mDROP INDEX "index_taggings_on_taggable_id_and_taggable_type_and_context"[0m
  [1m[35m (0.4ms)[0m  [1m[35mCREATE UNIQUE INDEX "taggings_idx" ON "taggings" ("tag_id", "taggable_id", "taggable_type", "context", "tagger_id", "tagger_type")[0m
  [1m[35mSQL (0.3ms)[0m  [1m[32mINSERT INTO "schema_migrations" ("version") VALUES (?)[0m  [["version", "20170325033433"]]
  [1m[35m (1.9ms)[0m  [1m[36mcommit transaction[0m
Migrating to AddTaggingsCounterCacheToTags (20170325033434)
  [1m[35m (0.1ms)[0m  [1m[36mbegin transaction[0m
DEPRECATION WARNING: Directly inheriting from ActiveRecord::Migration is deprecated. Please specify the Rails release the migration was written for:

  class AddTaggingsCounterCacheToTags < ActiveRecord::Migration[4.2] (called from require at /Users/riley/Desktop/Rails/blog/bin/rails:9)
  [1m[35m (0.8ms)[0m  [1m[35mALTER TABLE "tags" ADD "taggings_count" integer DEFAULT 0[0m
  [1m[36mActsAsTaggableOn::Tag Load (0.4ms)[0m  [1m[34mSELECT  "tags".* FROM "tags" ORDER BY "tags"."id" ASC LIMIT ?[0m  [["LIMIT", 1000]]
  [1m[35mSQL (0.5ms)[0m  [1m[32mINSERT INTO "schema_migrations" ("version") VALUES (?)[0m  [["version", "20170325033434"]]
  [1m[35m (1.1ms)[0m  [1m[36mcommit transaction[0m
Migrating to AddMissingTaggableIndex (20170325033435)
  [1m[35m (0.1ms)[0m  [1m[36mbegin transaction[0m
DEPRECATION WARNING: Directly inheriting from ActiveRecord::Migration is deprecated. Please specify the Rails release the migration was written for:

  class AddMissingTaggableIndex < ActiveRecord::Migration[4.2] (called from require at /Users/riley/Desktop/Rails/blog/bin/rails:9)
  [1m[35m (0.1ms)[0m  [1m[34m            SELECT sql
            FROM sqlite_master
            WHERE name='taggings_idx' AND type='index'
            UNION ALL
            SELECT sql
            FROM sqlite_temp_master
            WHERE name='taggings_idx' AND type='index'
[0m
  [1m[35m (0.5ms)[0m  [1m[35mCREATE  INDEX "index_taggings_on_taggable_id_and_taggable_type_and_context" ON "taggings" ("taggable_id", "taggable_type", "context")[0m
  [1m[35mSQL (1.3ms)[0m  [1m[32mINSERT INTO "schema_migrations" ("version") VALUES (?)[0m  [["version", "20170325033435"]]
  [1m[35m (1.5ms)[0m  [1m[36mcommit transaction[0m
Migrating to ChangeCollationForTagNames (20170325033436)
  [1m[35m (0.1ms)[0m  [1m[36mbegin transaction[0m
DEPRECATION WARNING: Directly inheriting from ActiveRecord::Migration is deprecated. Please specify the Rails release the migration was written for:

  class ChangeCollationForTagNames < ActiveRecord::Migration[4.2] (called from require at /Users/riley/Desktop/Rails/blog/bin/rails:9)
  [1m[35mSQL (0.5ms)[0m  [1m[32mINSERT INTO "schema_migrations" ("version") VALUES (?)[0m  [["version", "20170325033436"]]
  [1m[35m (3.2ms)[0m  [1m[36mcommit transaction[0m
Migrating to AddMissingIndexes (20170325033437)
  [1m[35m (0.3ms)[0m  [1m[36mbegin transaction[0m
DEPRECATION WARNING: Directly inheriting from ActiveRecord::Migration is deprecated. Please specify the Rails release the migration was written for:

  class AddMissingIndexes < ActiveRecord::Migration[4.2] (called from require at /Users/riley/Desktop/Rails/blog/bin/rails:9)
  [1m[35m (0.2ms)[0m  [1m[34m            SELECT sql
            FROM sqlite_master
            WHERE name='index_taggings_on_taggable_id_and_taggable_type_and_context' AND type='index'
            UNION ALL
            SELECT sql
            FROM sqlite_temp_master
            WHERE name='index_taggings_on_taggable_id_and_taggable_type_and_context' AND type='index'
[0m
  [1m[35m (1.1ms)[0m  [1m[34m            SELECT sql
            FROM sqlite_master
            WHERE name='taggings_idx' AND type='index'
            UNION ALL
            SELECT sql
            FROM sqlite_temp_master
            WHERE name='taggings_idx' AND type='index'
[0m
  [1m[35m (0.7ms)[0m  [1m[35mCREATE  INDEX "index_taggings_on_tag_id" ON "taggings" ("tag_id")[0m
  [1m[35m (0.1ms)[0m  [1m[34m            SELECT sql
            FROM sqlite_master
            WHERE name='index_taggings_on_tag_id' AND type='index'
            UNION ALL
            SELECT sql
            FROM sqlite_temp_master
            WHERE name='index_taggings_on_tag_id' AND type='index'
[0m
  [1m[35m (0.1ms)[0m  [1m[34m            SELECT sql
            FROM sqlite_master
            WHERE name='index_taggings_on_taggable_id_and_taggable_type_and_context' AND type='index'
            UNION ALL
            SELECT sql
            FROM sqlite_temp_master
            WHERE name='index_taggings_on_taggable_id_and_taggable_type_and_context' AND type='index'
[0m
  [1m[35m (0.2ms)[0m  [1m[34m            SELECT sql
            FROM sqlite_master
            WHERE name='taggings_idx' AND type='index'
            UNION ALL
            SELECT sql
            FROM sqlite_temp_master
            WHERE name='taggings_idx' AND type='index'
[0m
  [1m[35m (0.2ms)[0m  [1m[35mCREATE  INDEX "index_taggings_on_taggable_id" ON "taggings" ("taggable_id")[0m
  [1m[35m (0.1ms)[0m  [1m[34m            SELECT sql
            FROM sqlite_master
            WHERE name='index_taggings_on_taggable_id' AND type='index'
            UNION ALL
            SELECT sql
            FROM sqlite_temp_master
            WHERE name='index_taggings_on_taggable_id' AND type='index'
[0m
  [1m[35m (0.1ms)[0m  [1m[34m            SELECT sql
            FROM sqlite_master
            WHERE name='index_taggings_on_tag_id' AND type='index'
            UNION ALL
            SELECT sql
            FROM sqlite_temp_master
            WHERE name='index_taggings_on_tag_id' AND type='index'
[0m
  [1m[35m (0.1ms)[0m  [1m[34m            SELECT sql
            FROM sqlite_master
            WHERE name='index_taggings_on_taggable_id_and_taggable_type_and_context' AND type='index'
            UNION ALL
            SELECT sql
            FROM sqlite_temp_master
            WHERE name='index_taggings_on_taggable_id_and_taggable_type_and_context' AND type='index'
[0m
  [1m[35m (0.1ms)[0m  [1m[34m            SELECT sql
            FROM sqlite_master
            WHERE name='taggings_idx' AND type='index'
            UNION ALL
            SELECT sql
            FROM sqlite_temp_master
            WHERE name='taggings_idx' AND type='index'
[0m
  [1m[35m (0.1ms)[0m  [1m[35mCREATE  INDEX "index_taggings_on_taggable_type" ON "taggings" ("taggable_type")[0m
  [1m[35m (0.1ms)[0m  [1m[34m            SELECT sql
            FROM sqlite_master
            WHERE name='index_taggings_on_taggable_type' AND type='index'
            UNION ALL
            SELECT sql
            FROM sqlite_temp_master
            WHERE name='index_taggings_on_taggable_type' AND type='index'
[0m
  [1m[35m (0.1ms)[0m  [1m[34m            SELECT sql
            FROM sqlite_master
            WHERE name='index_taggings_on_taggable_id' AND type='index'
            UNION ALL
            SELECT sql
            FROM sqlite_temp_master
            WHERE name='index_taggings_on_taggable_id' AND type='index'
[0m
  [1m[35m (0.0ms)[0m  [1m[34m            SELECT sql
            FROM sqlite_master
            WHERE name='index_taggings_on_tag_id' AND type='index'
            UNION ALL
            SELECT sql
            FROM sqlite_temp_master
            WHERE name='index_taggings_on_tag_id' AND type='index'
[0m
  [1m[35m (0.0ms)[0m  [1m[34m            SELECT sql
            FROM sqlite_master
            WHERE name='index_taggings_on_taggable_id_and_taggable_type_and_context' AND type='index'
            UNION ALL
            SELECT sql
            FROM sqlite_temp_master
            WHERE name='index_taggings_on_taggable_id_and_taggable_type_and_context' AND type='index'
[0m
  [1m[35m (0.0ms)[0m  [1m[34m            SELECT sql
            FROM sqlite_master
            WHERE name='taggings_idx' AND type='index'
            UNION ALL
            SELECT sql
            FROM sqlite_temp_master
            WHERE name='taggings_idx' AND type='index'
[0m
  [1m[35m (0.3ms)[0m  [1m[35mCREATE  INDEX "index_taggings_on_tagger_id" ON "taggings" ("tagger_id")[0m
  [1m[35m (0.3ms)[0m  [1m[34m            SELECT sql
            FROM sqlite_master
            WHERE name='index_taggings_on_tagger_id' AND type='index'
            UNION ALL
            SELECT sql
            FROM sqlite_temp_master
            WHERE name='index_taggings_on_tagger_id' AND type='index'
[0m
  [1m[35m (0.1ms)[0m  [1m[34m            SELECT sql
            FROM sqlite_master
            WHERE name='index_taggings_on_taggable_type' AND type='index'
            UNION ALL
            SELECT sql
            FROM sqlite_temp_master
            WHERE name='index_taggings_on_taggable_type' AND type='index'
[0m
  [1m[35m (0.2ms)[0m  [1m[34m            SELECT sql
            FROM sqlite_master
            WHERE name='index_taggings_on_taggable_id' AND type='index'
            UNION ALL
            SELECT sql
            FROM sqlite_temp_master
            WHERE name='index_taggings_on_taggable_id' AND type='index'
[0m
  [1m[35m (0.3ms)[0m  [1m[34m            SELECT sql
            FROM sqlite_master
            WHERE name='index_taggings_on_tag_id' AND type='index'
            UNION ALL
            SELECT sql
            FROM sqlite_temp_master
            WHERE name='index_taggings_on_tag_id' AND type='index'
[0m
  [1m[35m (0.1ms)[0m  [1m[34m            SELECT sql
            FROM sqlite_master
            WHERE name='index_taggings_on_taggable_id_and_taggable_type_and_context' AND type='index'
            UNION ALL
            SELECT sql
            FROM sqlite_temp_master
            WHERE name='index_taggings_on_taggable_id_and_taggable_type_and_context' AND type='index'
[0m
  [1m[35m (0.1ms)[0m  [1m[34m            SELECT sql
            FROM sqlite_master
            WHERE name='taggings_idx' AND type='index'
            UNION ALL
            SELECT sql
            FROM sqlite_temp_master
            WHERE name='taggings_idx' AND type='index'
[0m
  [1m[35m (0.1ms)[0m  [1m[35mCREATE  INDEX "index_taggings_on_context" ON "taggings" ("context")[0m
  [1m[35m (0.1ms)[0m  [1m[34m            SELECT sql
            FROM sqlite_master
            WHERE name='index_taggings_on_context' AND type='index'
            UNION ALL
            SELECT sql
            FROM sqlite_temp_master
            WHERE name='index_taggings_on_context' AND type='index'
[0m
  [1m[35m (0.1ms)[0m  [1m[34m            SELECT sql
            FROM sqlite_master
            WHERE name='index_taggings_on_tagger_id' AND type='index'
            UNION ALL
            SELECT sql
            FROM sqlite_temp_master
            WHERE name='index_taggings_on_tagger_id' AND type='index'
[0m
  [1m[35m (0.1ms)[0m  [1m[34m            SELECT sql
            FROM sqlite_master
            WHERE name='index_taggings_on_taggable_type' AND type='index'
            UNION ALL
            SELECT sql
            FROM sqlite_temp_master
            WHERE name='index_taggings_on_taggable_type' AND type='index'
[0m
  [1m[35m (0.0ms)[0m  [1m[34m            SELECT sql
            FROM sqlite_master
            WHERE name='index_taggings_on_taggable_id' AND type='index'
            UNION ALL
            SELECT sql
            FROM sqlite_temp_master
            WHERE name='index_taggings_on_taggable_id' AND type='index'
[0m
  [1m[35m (0.1ms)[0m  [1m[34m            SELECT sql
            FROM sqlite_master
            WHERE name='index_taggings_on_tag_id' AND type='index'
            UNION ALL
            SELECT sql
            FROM sqlite_temp_master
            WHERE name='index_taggings_on_tag_id' AND type='index'
[0m
  [1m[35m (0.1ms)[0m  [1m[34m            SELECT sql
            FROM sqlite_master
            WHERE name='index_taggings_on_taggable_id_and_taggable_type_and_context' AND type='index'
            UNION ALL
            SELECT sql
            FROM sqlite_temp_master
            WHERE name='index_taggings_on_taggable_id_and_taggable_type_and_context' AND type='index'
[0m
  [1m[35m (0.1ms)[0m  [1m[34m            SELECT sql
            FROM sqlite_master
            WHERE name='taggings_idx' AND type='index'
            UNION ALL
            SELECT sql
            FROM sqlite_temp_master
            WHERE name='taggings_idx' AND type='index'
[0m
  [1m[35m (0.2ms)[0m  [1m[35mCREATE  INDEX "index_taggings_on_tagger_id_and_tagger_type" ON "taggings" ("tagger_id", "tagger_type")[0m
  [1m[35m (0.1ms)[0m  [1m[34m            SELECT sql
            FROM sqlite_master
            WHERE name='index_taggings_on_tagger_id_and_tagger_type' AND type='index'
            UNION ALL
            SELECT sql
            FROM sqlite_temp_master
            WHERE name='index_taggings_on_tagger_id_and_tagger_type' AND type='index'
[0m
  [1m[35m (0.3ms)[0m  [1m[34m            SELECT sql
            FROM sqlite_master
            WHERE name='index_taggings_on_context' AND type='index'
            UNION ALL
            SELECT sql
            FROM sqlite_temp_master
            WHERE name='index_taggings_on_context' AND type='index'
[0m
  [1m[35m (0.3ms)[0m  [1m[34m            SELECT sql
            FROM sqlite_master
            WHERE name='index_taggings_on_tagger_id' AND type='index'
            UNION ALL
            SELECT sql
            FROM sqlite_temp_master
            WHERE name='index_taggings_on_tagger_id' AND type='index'
[0m
  [1m[35m (0.1ms)[0m  [1m[34m            SELECT sql
            FROM sqlite_master
            WHERE name='index_taggings_on_taggable_type' AND type='index'
            UNION ALL
            SELECT sql
            FROM sqlite_temp_master
            WHERE name='index_taggings_on_taggable_type' AND type='index'
[0m
  [1m[35m (0.5ms)[0m  [1m[34m            SELECT sql
            FROM sqlite_master
            WHERE name='index_taggings_on_taggable_id' AND type='index'
            UNION ALL
            SELECT sql
            FROM sqlite_temp_master
            WHERE name='index_taggings_on_taggable_id' AND type='index'
[0m
  [1m[35m (0.3ms)[0m  [1m[34m            SELECT sql
            FROM sqlite_master
            WHERE name='index_taggings_on_tag_id' AND type='index'
            UNION ALL
            SELECT sql
            FROM sqlite_temp_master
            WHERE name='index_taggings_on_tag_id' AND type='index'
[0m
  [1m[35m (0.1ms)[0m  [1m[34m            SELECT sql
            FROM sqlite_master
            WHERE name='index_taggings_on_taggable_id_and_taggable_type_and_context' AND type='index'
            UNION ALL
            SELECT sql
            FROM sqlite_temp_master
            WHERE name='index_taggings_on_taggable_id_and_taggable_type_and_context' AND type='index'
[0m
  [1m[35m (0.1ms)[0m  [1m[34m            SELECT sql
            FROM sqlite_master
            WHERE name='taggings_idx' AND type='index'
            UNION ALL
            SELECT sql
            FROM sqlite_temp_master
            WHERE name='taggings_idx' AND type='index'
[0m
  [1m[35m (0.6ms)[0m  [1m[35mCREATE  INDEX "taggings_idy" ON "taggings" ("taggable_id", "taggable_type", "tagger_id", "context")[0m
  [1m[35mSQL (0.5ms)[0m  [1m[32mINSERT INTO "schema_migrations" ("version") VALUES (?)[0m  [["version", "20170325033437"]]
  [1m[35m (2.2ms)[0m  [1m[36mcommit transaction[0m
  [1m[36mActiveRecord::InternalMetadata Load (1.0ms)[0m  [1m[34mSELECT  "ar_internal_metadata".* FROM "ar_internal_metadata" WHERE "ar_internal_metadata"."key" = ? LIMIT ?[0m  [["key", :environment], ["LIMIT", 1]]
  [1m[35m (0.1ms)[0m  [1m[36mbegin transaction[0m
  [1m[35m (0.4ms)[0m  [1m[36mcommit transaction[0m
  [1m[36mActiveRecord::SchemaMigration Load (0.5ms)[0m  [1m[34mSELECT "schema_migrations".* FROM "schema_migrations"[0m
  [1m[35m (0.4ms)[0m  [1m[34m            SELECT sql
            FROM sqlite_master
            WHERE name='taggings_idy' AND type='index'
            UNION ALL
            SELECT sql
            FROM sqlite_temp_master
            WHERE name='taggings_idy' AND type='index'
[0m
  [1m[35m (0.1ms)[0m  [1m[34m            SELECT sql
            FROM sqlite_master
            WHERE name='index_taggings_on_tagger_id_and_tagger_type' AND type='index'
            UNION ALL
            SELECT sql
            FROM sqlite_temp_master
            WHERE name='index_taggings_on_tagger_id_and_tagger_type' AND type='index'
[0m
  [1m[35m (0.1ms)[0m  [1m[34m            SELECT sql
            FROM sqlite_master
            WHERE name='index_taggings_on_context' AND type='index'
            UNION ALL
            SELECT sql
            FROM sqlite_temp_master
            WHERE name='index_taggings_on_context' AND type='index'
[0m
  [1m[35m (0.1ms)[0m  [1m[34m            SELECT sql
            FROM sqlite_master
            WHERE name='index_taggings_on_tagger_id' AND type='index'
            UNION ALL
            SELECT sql
            FROM sqlite_temp_master
            WHERE name='index_taggings_on_tagger_id' AND type='index'
[0m
  [1m[35m (0.1ms)[0m  [1m[34m            SELECT sql
            FROM sqlite_master
            WHERE name='index_taggings_on_taggable_type' AND type='index'
            UNION ALL
            SELECT sql
            FROM sqlite_temp_master
            WHERE name='index_taggings_on_taggable_type' AND type='index'
[0m
  [1m[35m (0.1ms)[0m  [1m[34m            SELECT sql
            FROM sqlite_master
            WHERE name='index_taggings_on_taggable_id' AND type='index'
            UNION ALL
            SELECT sql
            FROM sqlite_temp_master
            WHERE name='index_taggings_on_taggable_id' AND type='index'
[0m
  [1m[35m (0.1ms)[0m  [1m[34m            SELECT sql
            FROM sqlite_master
            WHERE name='index_taggings_on_tag_id' AND type='index'
            UNION ALL
            SELECT sql
            FROM sqlite_temp_master
            WHERE name='index_taggings_on_tag_id' AND type='index'
[0m
  [1m[35m (0.1ms)[0m  [1m[34m            SELECT sql
            FROM sqlite_master
            WHERE name='index_taggings_on_taggable_id_and_taggable_type_and_context' AND type='index'
            UNION ALL
            SELECT sql
            FROM sqlite_temp_master
            WHERE name='index_taggings_on_taggable_id_and_taggable_type_and_context' AND type='index'
[0m
  [1m[35m (0.1ms)[0m  [1m[34m            SELECT sql
            FROM sqlite_master
            WHERE name='taggings_idx' AND type='index'
            UNION ALL
            SELECT sql
            FROM sqlite_temp_master
            WHERE name='taggings_idx' AND type='index'
[0m
  [1m[35m (0.2ms)[0m  [1m[34m            SELECT sql
            FROM sqlite_master
            WHERE name='index_tags_on_name' AND type='index'
            UNION ALL
            SELECT sql
            FROM sqlite_temp_master
            WHERE name='index_tags_on_name' AND type='index'
[0m
Started DELETE "/articles/1" for ::1 at 2017-03-24 22:35:42 -0500
  [1m[36mActiveRecord::SchemaMigration Load (0.3ms)[0m  [1m[34mSELECT "schema_migrations".* FROM "schema_migrations"[0m
Processing by ArticlesController#destroy as HTML
  Parameters: {"authenticity_token"=>"4tbiMEHpSMCxhpy1TsAJ2+NpUYth/o5camZduQCjjptCueLjSYHnqPI6KFXDiw0upggDFeARUKLW7ZQnRp0hGA==", "id"=>"1"}
  [1m[36mArticle Load (0.2ms)[0m  [1m[34mSELECT  "articles".* FROM "articles" WHERE "articles"."id" = ? LIMIT ?[0m  [["id", 1], ["LIMIT", 1]]
  [1m[35m (0.1ms)[0m  [1m[36mbegin transaction[0m
  [1m[35mSQL (0.3ms)[0m  [1m[31mDELETE FROM "articles" WHERE "articles"."id" = ?[0m  [["id", 1]]
  [1m[35m (1.0ms)[0m  [1m[36mcommit transaction[0m
Redirected to http://localhost:3000/articles
Completed 302 Found in 16ms (ActiveRecord: 2.2ms)


Started GET "/articles" for ::1 at 2017-03-24 22:35:43 -0500
Processing by ArticlesController#index as HTML
  Rendering articles/index.html.erb within layouts/application
  [1m[36mArticle Load (0.2ms)[0m  [1m[34mSELECT "articles".* FROM "articles"[0m
  Rendered articles/index.html.erb within layouts/application (1.7ms)
Completed 200 OK in 31ms (Views: 28.8ms | ActiveRecord: 0.2ms)


Started GET "/articles/new" for ::1 at 2017-03-24 22:35:44 -0500
Processing by ArticlesController#new as HTML
  Rendering articles/new.html.erb within layouts/application
  Rendered articles/_form.html.erb (20.5ms)
  Rendered articles/new.html.erb within layouts/application (25.0ms)
Completed 200 OK in 69ms (Views: 65.6ms | ActiveRecord: 0.0ms)


Started POST "/articles" for ::1 at 2017-03-24 22:35:54 -0500
Processing by ArticlesController#create as HTML
  Parameters: {"utf8"=>"✓", "authenticity_token"=>"047+bK5Cuz8haL+wTnKRUG9CBV4z0B1MnPF5AEy8vFFPjEYsnCv1rsEtnrqO/znfwVwBHXW3OvVZ4+pkjOFrsA==", "article"=>{"title"=>"Title", "author"=>"Riley", "content"=>"Hello!"}, "commit"=>"Create Article"}
  [1m[35m (0.1ms)[0m  [1m[36mbegin transaction[0m
  [1m[35mSQL (3.6ms)[0m  [1m[32mINSERT INTO "articles" ("title", "author", "content", "created_at", "updated_at") VALUES (?, ?, ?, ?, ?)[0m  [["title", "Title"], ["author", "Riley"], ["content", "Hello!"], ["created_at", 2017-03-25 03:35:54 UTC], ["updated_at", 2017-03-25 03:35:54 UTC]]
  [1m[35m (2.0ms)[0m  [1m[36mcommit transaction[0m
Redirected to http://localhost:3000/articles/2
Completed 302 Found in 13ms (ActiveRecord: 5.7ms)


Started GET "/articles/2" for ::1 at 2017-03-24 22:35:54 -0500
Processing by ArticlesController#show as HTML
  Parameters: {"id"=>"2"}
  [1m[36mArticle Load (0.1ms)[0m  [1m[34mSELECT  "articles".* FROM "articles" WHERE "articles"."id" = ? LIMIT ?[0m  [["id", 2], ["LIMIT", 1]]
  Rendering articles/show.html.erb within layouts/application
  Rendered articles/show.html.erb within layouts/application (1.1ms)
Completed 200 OK in 32ms (Views: 29.3ms | ActiveRecord: 0.1ms)


Started GET "/articles" for ::1 at 2017-03-24 22:35:56 -0500
Processing by ArticlesController#index as HTML
  Rendering articles/index.html.erb within layouts/application
  [1m[36mArticle Load (0.5ms)[0m  [1m[34mSELECT "articles".* FROM "articles"[0m
  Rendered articles/index.html.erb within layouts/application (13.0ms)
Completed 200 OK in 53ms (Views: 49.6ms | ActiveRecord: 0.5ms)


Started GET "/articles/2" for ::1 at 2017-03-24 22:35:59 -0500
Processing by ArticlesController#show as HTML
  Parameters: {"id"=>"2"}
  [1m[36mArticle Load (0.1ms)[0m  [1m[34mSELECT  "articles".* FROM "articles" WHERE "articles"."id" = ? LIMIT ?[0m  [["id", 2], ["LIMIT", 1]]
  Rendering articles/show.html.erb within layouts/application
  Rendered articles/show.html.erb within layouts/application (2.1ms)
Completed 200 OK in 61ms (Views: 58.4ms | ActiveRecord: 0.1ms)


Started GET "/articles" for ::1 at 2017-03-24 22:36:02 -0500
Processing by ArticlesController#index as HTML
  Rendering articles/index.html.erb within layouts/application
  [1m[36mArticle Load (0.2ms)[0m  [1m[34mSELECT "articles".* FROM "articles"[0m
  Rendered articles/index.html.erb within layouts/application (2.3ms)
Completed 200 OK in 64ms (Views: 58.3ms | ActiveRecord: 0.2ms)


Started GET "/" for ::1 at 2017-03-24 22:37:11 -0500
Processing by Rails::WelcomeController#index as HTML
  Parameters: {"internal"=>true}
  Rendering /Users/riley/.rvm/gems/ruby-2.3.3/gems/railties-5.0.2/lib/rails/templates/rails/welcome/index.html.erb
  Rendered /Users/riley/.rvm/gems/ruby-2.3.3/gems/railties-5.0.2/lib/rails/templates/rails/welcome/index.html.erb (6.3ms)
Completed 200 OK in 13ms (Views: 9.6ms | ActiveRecord: 0.0ms)


Started GET "/website/home" for ::1 at 2017-03-24 22:39:04 -0500
Processing by WebsiteController#home as HTML
  Rendering website/home.html.erb within layouts/application
  Rendered website/home.html.erb within layouts/application (0.5ms)
Completed 200 OK in 294ms (Views: 291.4ms | ActiveRecord: 0.0ms)


Started GET "/website/home" for ::1 at 2017-03-24 22:39:18 -0500
  
ActionController::RoutingError (No route matches [GET] "/website/home"):
  
actionpack (5.0.2) lib/action_dispatch/middleware/debug_exceptions.rb:53:in `call'
web-console (3.4.0) lib/web_console/middleware.rb:135:in `call_app'
web-console (3.4.0) lib/web_console/middleware.rb:28:in `block in call'
web-console (3.4.0) lib/web_console/middleware.rb:18:in `catch'
web-console (3.4.0) lib/web_console/middleware.rb:18:in `call'
actionpack (5.0.2) lib/action_dispatch/middleware/show_exceptions.rb:31:in `call'
railties (5.0.2) lib/rails/rack/logger.rb:36:in `call_app'
railties (5.0.2) lib/rails/rack/logger.rb:24:in `block in call'
activesupport (5.0.2) lib/active_support/tagged_logging.rb:69:in `block in tagged'
activesupport (5.0.2) lib/active_support/tagged_logging.rb:26:in `tagged'
activesupport (5.0.2) lib/active_support/tagged_logging.rb:69:in `tagged'
railties (5.0.2) lib/rails/rack/logger.rb:24:in `call'
sprockets-rails (3.2.0) lib/sprockets/rails/quiet_assets.rb:13:in `call'
actionpack (5.0.2) lib/action_dispatch/middleware/request_id.rb:24:in `call'
rack (2.0.1) lib/rack/method_override.rb:22:in `call'
rack (2.0.1) lib/rack/runtime.rb:22:in `call'
activesupport (5.0.2) lib/active_support/cache/strategy/local_cache_middleware.rb:28:in `call'
actionpack (5.0.2) lib/action_dispatch/middleware/executor.rb:12:in `call'
actionpack (5.0.2) lib/action_dispatch/middleware/static.rb:136:in `call'
rack (2.0.1) lib/rack/sendfile.rb:111:in `call'
railties (5.0.2) lib/rails/engine.rb:522:in `call'
puma (3.8.2) lib/puma/configuration.rb:224:in `call'
puma (3.8.2) lib/puma/server.rb:600:in `handle_request'
puma (3.8.2) lib/puma/server.rb:435:in `process_client'
puma (3.8.2) lib/puma/server.rb:299:in `block in run'
puma (3.8.2) lib/puma/thread_pool.rb:120:in `block in spawn_thread'
  Rendering /Users/riley/.rvm/gems/ruby-2.3.3/gems/actionpack-5.0.2/lib/action_dispatch/middleware/templates/rescues/routing_error.html.erb within rescues/layout
  Rendering /Users/riley/.rvm/gems/ruby-2.3.3/gems/actionpack-5.0.2/lib/action_dispatch/middleware/templates/rescues/_trace.html.erb
  Rendered /Users/riley/.rvm/gems/ruby-2.3.3/gems/actionpack-5.0.2/lib/action_dispatch/middleware/templates/rescues/_trace.html.erb (1.3ms)
  Rendered collection of /Users/riley/.rvm/gems/ruby-2.3.3/gems/actionpack-5.0.2/lib/action_dispatch/middleware/templates/routes/_route.html.erb [9 times] (5.6ms)
  Rendered /Users/riley/.rvm/gems/ruby-2.3.3/gems/actionpack-5.0.2/lib/action_dispatch/middleware/templates/routes/_table.html.erb (2.5ms)
  Rendering /Users/riley/.rvm/gems/ruby-2.3.3/gems/actionpack-5.0.2/lib/action_dispatch/middleware/templates/rescues/_request_and_response.html.erb
  Rendered /Users/riley/.rvm/gems/ruby-2.3.3/gems/actionpack-5.0.2/lib/action_dispatch/middleware/templates/rescues/_request_and_response.html.erb (1.3ms)
  Rendered /Users/riley/.rvm/gems/ruby-2.3.3/gems/actionpack-5.0.2/lib/action_dispatch/middleware/templates/rescues/routing_error.html.erb within rescues/layout (123.3ms)
Started GET "/" for ::1 at 2017-03-24 22:39:22 -0500
Processing by WebsiteController#home as HTML
  Rendering website/home.html.erb within layouts/application
  Rendered website/home.html.erb within layouts/application (1.1ms)
Completed 200 OK in 33ms (Views: 31.1ms | ActiveRecord: 0.0ms)


Started GET "/" for ::1 at 2017-03-24 23:13:58 -0500
Processing by WebsiteController#home as HTML
  Rendering website/home.html.erb within layouts/application
  [1m[36mArticle Load (0.4ms)[0m  [1m[34mSELECT "articles".* FROM "articles"[0m
  Rendered website/home.html.erb within layouts/application (8.5ms)
Completed 200 OK in 43ms (Views: 37.8ms | ActiveRecord: 1.0ms)


Started GET "/articles" for ::1 at 2017-03-24 23:14:15 -0500
Processing by ArticlesController#index as HTML
  Rendering articles/index.html.erb within layouts/application
  [1m[36mArticle Load (0.5ms)[0m  [1m[34mSELECT "articles".* FROM "articles"[0m
  Rendered articles/index.html.erb within layouts/application (3.2ms)
Completed 200 OK in 32ms (Views: 29.8ms | ActiveRecord: 0.5ms)


Started GET "/articles/2" for ::1 at 2017-03-24 23:14:19 -0500
Processing by ArticlesController#show as HTML
  Parameters: {"id"=>"2"}
  [1m[36mArticle Load (0.6ms)[0m  [1m[34mSELECT  "articles".* FROM "articles" WHERE "articles"."id" = ? LIMIT ?[0m  [["id", 2], ["LIMIT", 1]]
  Rendering articles/show.html.erb within layouts/application
  Rendered articles/show.html.erb within layouts/application (6.5ms)
Completed 200 OK in 58ms (Views: 52.6ms | ActiveRecord: 0.6ms)


Started GET "/articles" for ::1 at 2017-03-24 23:14:20 -0500
Processing by ArticlesController#index as HTML
  Rendering articles/index.html.erb within layouts/application
  [1m[36mArticle Load (1.1ms)[0m  [1m[34mSELECT "articles".* FROM "articles"[0m
  Rendered articles/index.html.erb within layouts/application (7.9ms)
Completed 200 OK in 64ms (Views: 59.8ms | ActiveRecord: 1.1ms)


Started GET "/" for ::1 at 2017-03-24 23:15:33 -0500
Processing by WebsiteController#home as HTML
  Rendering website/home.html.erb within layouts/application
  [1m[36mArticle Load (0.2ms)[0m  [1m[34mSELECT "articles".* FROM "articles"[0m
  Rendered website/home.html.erb within layouts/application (1.2ms)
Completed 200 OK in 27ms (Views: 24.6ms | ActiveRecord: 0.2ms)


Started GET "/articles/new" for ::1 at 2017-03-24 23:15:40 -0500
Processing by ArticlesController#new as HTML
  Rendering articles/new.html.erb within layouts/application
  Rendered articles/_form.html.erb (6.3ms)
  Rendered articles/new.html.erb within layouts/application (10.3ms)
Completed 200 OK in 65ms (Views: 61.5ms | ActiveRecord: 0.0ms)


Started POST "/articles" for ::1 at 2017-03-24 23:15:52 -0500
Processing by ArticlesController#create as HTML
  Parameters: {"utf8"=>"✓", "authenticity_token"=>"9h5feFZFcp+1y07SMNwZ2BiB58JqEcgk1gRKH46GrnxNmEE0ERLDQlJdIDsJza25G5ynJ+01x8q/bCNcLkxbcw==", "article"=>{"title"=>"Test", "author"=>"Mr. Test", "content"=>"I'm a test!"}, "commit"=>"Create Article"}
  [1m[35m (0.1ms)[0m  [1m[36mbegin transaction[0m
  [1m[35mSQL (0.4ms)[0m  [1m[32mINSERT INTO "articles" ("title", "author", "content", "created_at", "updated_at") VALUES (?, ?, ?, ?, ?)[0m  [["title", "Test"], ["author", "Mr. Test"], ["content", "I'm a test!"], ["created_at", 2017-03-25 04:15:52 UTC], ["updated_at", 2017-03-25 04:15:52 UTC]]
  [1m[35m (3.2ms)[0m  [1m[36mcommit transaction[0m
Redirected to http://localhost:3000/articles/3
Completed 302 Found in 9ms (ActiveRecord: 3.7ms)


Started GET "/articles/3" for ::1 at 2017-03-24 23:15:52 -0500
Processing by ArticlesController#show as HTML
  Parameters: {"id"=>"3"}
  [1m[36mArticle Load (0.2ms)[0m  [1m[34mSELECT  "articles".* FROM "articles" WHERE "articles"."id" = ? LIMIT ?[0m  [["id", 3], ["LIMIT", 1]]
  Rendering articles/show.html.erb within layouts/application
  Rendered articles/show.html.erb within layouts/application (0.9ms)
Completed 200 OK in 33ms (Views: 28.4ms | ActiveRecord: 0.2ms)


Started GET "/articles" for ::1 at 2017-03-24 23:15:54 -0500
Processing by ArticlesController#index as HTML
  Rendering articles/index.html.erb within layouts/application
  [1m[36mArticle Load (0.9ms)[0m  [1m[34mSELECT "articles".* FROM "articles"[0m
  Rendered articles/index.html.erb within layouts/application (11.8ms)
Completed 200 OK in 60ms (Views: 56.1ms | ActiveRecord: 0.9ms)


Started GET "/" for ::1 at 2017-03-24 23:15:56 -0500
Processing by WebsiteController#home as HTML
  Rendering website/home.html.erb within layouts/application
  [1m[36mArticle Load (0.2ms)[0m  [1m[34mSELECT "articles".* FROM "articles"[0m
  Rendered website/home.html.erb within layouts/application (1.2ms)
Completed 200 OK in 33ms (Views: 28.9ms | ActiveRecord: 0.2ms)


Started GET "/" for ::1 at 2017-03-24 23:16:16 -0500
Processing by WebsiteController#home as HTML
  Rendering website/home.html.erb within layouts/application
  [1m[36mArticle Load (0.1ms)[0m  [1m[34mSELECT "articles".* FROM "articles"[0m
  Rendered website/home.html.erb within layouts/application (1.4ms)
Completed 200 OK in 31ms (Views: 29.0ms | ActiveRecord: 0.1ms)


Started GET "/" for ::1 at 2017-03-24 23:17:28 -0500
Processing by WebsiteController#home as HTML
  Rendering website/home.html.erb within layouts/application
  [1m[36mArticle Load (0.2ms)[0m  [1m[34mSELECT "articles".* FROM "articles"[0m
  Rendered website/home.html.erb within layouts/application (1.3ms)
Completed 200 OK in 55ms (Views: 52.3ms | ActiveRecord: 0.2ms)


Started GET "/" for ::1 at 2017-03-24 23:17:34 -0500
Processing by WebsiteController#home as HTML
  Rendering website/home.html.erb within layouts/application
  [1m[36mArticle Load (0.2ms)[0m  [1m[34mSELECT "articles".* FROM "articles"[0m
  Rendered website/home.html.erb within layouts/application (1.4ms)
Completed 200 OK in 46ms (Views: 43.5ms | ActiveRecord: 0.2ms)


Started GET "/" for ::1 at 2017-03-24 23:17:39 -0500
Processing by WebsiteController#home as HTML
  Rendering website/home.html.erb within layouts/application
  [1m[36mArticle Load (0.2ms)[0m  [1m[34mSELECT "articles".* FROM "articles"[0m
  Rendered website/home.html.erb within layouts/application (1.4ms)
Completed 200 OK in 47ms (Views: 43.5ms | ActiveRecord: 0.2ms)


Started GET "/" for ::1 at 2017-03-24 23:17:48 -0500
Processing by WebsiteController#home as HTML
  Rendering website/home.html.erb within layouts/application
  [1m[36mArticle Load (0.2ms)[0m  [1m[34mSELECT "articles".* FROM "articles"[0m
  Rendered website/home.html.erb within layouts/application (1.5ms)
Completed 200 OK in 48ms (Views: 45.3ms | ActiveRecord: 0.2ms)


Started GET "/" for ::1 at 2017-03-24 23:17:54 -0500
Processing by WebsiteController#home as HTML
  Rendering website/home.html.erb within layouts/application
  [1m[36mArticle Load (0.2ms)[0m  [1m[34mSELECT "articles".* FROM "articles"[0m
  Rendered website/home.html.erb within layouts/application (1.8ms)
Completed 200 OK in 50ms (Views: 46.6ms | ActiveRecord: 0.2ms)


Started GET "/" for ::1 at 2017-03-24 23:18:02 -0500
Processing by WebsiteController#home as HTML
  Rendering website/home.html.erb within layouts/application
  [1m[36mArticle Load (0.2ms)[0m  [1m[34mSELECT "articles".* FROM "articles"[0m
  Rendered website/home.html.erb within layouts/application (1.5ms)
Completed 200 OK in 49ms (Views: 45.6ms | ActiveRecord: 0.2ms)


Started GET "/" for ::1 at 2017-03-24 23:18:26 -0500
Processing by WebsiteController#home as HTML
  Rendering website/home.html.erb within layouts/application
  [1m[36mArticle Load (0.2ms)[0m  [1m[34mSELECT "articles".* FROM "articles"[0m
  Rendered website/home.html.erb within layouts/application (1.3ms)
Completed 200 OK in 48ms (Views: 44.8ms | ActiveRecord: 0.2ms)


Started GET "/" for ::1 at 2017-03-24 23:18:35 -0500
Processing by WebsiteController#home as HTML
  Rendering website/home.html.erb within layouts/application
  [1m[36mArticle Load (0.3ms)[0m  [1m[34mSELECT "articles".* FROM "articles"[0m
  Rendered website/home.html.erb within layouts/application (2.0ms)
Completed 200 OK in 54ms (Views: 50.8ms | ActiveRecord: 0.3ms)


Started GET "/" for ::1 at 2017-03-24 23:18:43 -0500
Processing by WebsiteController#home as HTML
  Rendering website/home.html.erb within layouts/application
  [1m[36mArticle Load (0.2ms)[0m  [1m[34mSELECT "articles".* FROM "articles"[0m
  Rendered website/home.html.erb within layouts/application (1.4ms)
Completed 200 OK in 48ms (Views: 45.1ms | ActiveRecord: 0.2ms)


Started GET "/" for ::1 at 2017-03-24 23:19:08 -0500
Processing by WebsiteController#home as HTML
  Rendering website/home.html.erb within layouts/application
  [1m[36mArticle Load (0.2ms)[0m  [1m[34mSELECT "articles".* FROM "articles"[0m
  Rendered website/home.html.erb within layouts/application (1.3ms)
Completed 200 OK in 47ms (Views: 43.3ms | ActiveRecord: 0.2ms)


Started GET "/" for ::1 at 2017-03-24 23:19:13 -0500
Processing by WebsiteController#home as HTML
  Rendering website/home.html.erb within layouts/application
  [1m[36mArticle Load (0.2ms)[0m  [1m[34mSELECT "articles".* FROM "articles"[0m
  Rendered website/home.html.erb within layouts/application (1.4ms)
Completed 200 OK in 49ms (Views: 45.7ms | ActiveRecord: 0.2ms)


Started GET "/" for ::1 at 2017-03-24 23:21:53 -0500
Processing by WebsiteController#home as HTML
  Rendering website/home.html.erb within layouts/application
  [1m[36mArticle Load (0.2ms)[0m  [1m[34mSELECT "articles".* FROM "articles"[0m
  Rendered website/home.html.erb within layouts/application (1.5ms)
Completed 200 OK in 43ms (Views: 40.0ms | ActiveRecord: 0.2ms)


Started GET "/" for ::1 at 2017-03-24 23:23:04 -0500
Processing by WebsiteController#home as HTML
  Rendering website/home.html.erb within layouts/application
  [1m[36mArticle Load (0.2ms)[0m  [1m[34mSELECT "articles".* FROM "articles"[0m
  Rendered website/home.html.erb within layouts/application (1.5ms)
Completed 200 OK in 50ms (Views: 46.7ms | ActiveRecord: 0.2ms)


Started GET "/" for ::1 at 2017-03-24 23:23:18 -0500
Processing by WebsiteController#home as HTML
  Rendering website/home.html.erb within layouts/application
  [1m[36mArticle Load (0.1ms)[0m  [1m[34mSELECT "articles".* FROM "articles"[0m
  Rendered website/home.html.erb within layouts/application (1.3ms)
Completed 200 OK in 53ms (Views: 50.8ms | ActiveRecord: 0.1ms)


Started GET "/" for ::1 at 2017-03-24 23:23:25 -0500
Processing by WebsiteController#home as HTML
  Rendering website/home.html.erb within layouts/application
  [1m[36mArticle Load (0.2ms)[0m  [1m[34mSELECT "articles".* FROM "articles"[0m
  Rendered website/home.html.erb within layouts/application (1.4ms)
Completed 200 OK in 49ms (Views: 46.0ms | ActiveRecord: 0.2ms)


Started GET "/" for ::1 at 2017-03-24 23:23:33 -0500
Processing by WebsiteController#home as HTML
  Rendering website/home.html.erb within layouts/application
  [1m[36mArticle Load (0.2ms)[0m  [1m[34mSELECT "articles".* FROM "articles"[0m
  Rendered website/home.html.erb within layouts/application (1.3ms)
Completed 200 OK in 54ms (Views: 51.2ms | ActiveRecord: 0.2ms)


Started GET "/" for ::1 at 2017-03-24 23:23:37 -0500
Processing by WebsiteController#home as HTML
  Rendering website/home.html.erb within layouts/application
  [1m[36mArticle Load (0.2ms)[0m  [1m[34mSELECT "articles".* FROM "articles"[0m
  Rendered website/home.html.erb within layouts/application (1.3ms)
Completed 200 OK in 47ms (Views: 45.0ms | ActiveRecord: 0.1ms)


Started GET "/" for ::1 at 2017-03-24 23:23:41 -0500
Processing by WebsiteController#home as HTML
  Rendering website/home.html.erb within layouts/application
  [1m[36mArticle Load (0.2ms)[0m  [1m[34mSELECT "articles".* FROM "articles"[0m
  Rendered website/home.html.erb within layouts/application (1.2ms)
Completed 200 OK in 30ms (Views: 27.1ms | ActiveRecord: 0.2ms)


Started GET "/" for ::1 at 2017-03-24 23:23:51 -0500
Processing by WebsiteController#home as HTML
  Rendering website/home.html.erb within layouts/application
  [1m[36mArticle Load (0.1ms)[0m  [1m[34mSELECT "articles".* FROM "articles"[0m
  Rendered website/home.html.erb within layouts/application (1.3ms)
Completed 200 OK in 67ms (Views: 64.1ms | ActiveRecord: 0.1ms)


Started GET "/" for ::1 at 2017-03-24 23:24:08 -0500
Processing by WebsiteController#home as HTML
  Rendering website/home.html.erb within layouts/application
  [1m[36mArticle Load (0.2ms)[0m  [1m[34mSELECT "articles".* FROM "articles"[0m
  Rendered website/home.html.erb within layouts/application (1.4ms)
Completed 200 OK in 49ms (Views: 45.9ms | ActiveRecord: 0.2ms)


Started GET "/" for ::1 at 2017-03-24 23:24:20 -0500
Processing by WebsiteController#home as HTML
  Rendering website/home.html.erb within layouts/application
  [1m[36mArticle Load (0.3ms)[0m  [1m[34mSELECT "articles".* FROM "articles"[0m
  Rendered website/home.html.erb within layouts/application (1.7ms)
Completed 200 OK in 49ms (Views: 46.7ms | ActiveRecord: 0.2ms)


Started GET "/" for ::1 at 2017-03-24 23:24:28 -0500
Processing by WebsiteController#home as HTML
  Rendering website/home.html.erb within layouts/application
  [1m[36mArticle Load (0.2ms)[0m  [1m[34mSELECT "articles".* FROM "articles"[0m
  Rendered website/home.html.erb within layouts/application (3.1ms)
Completed 200 OK in 53ms (Views: 49.9ms | ActiveRecord: 0.2ms)


Started GET "/" for ::1 at 2017-03-24 23:24:35 -0500
Processing by WebsiteController#home as HTML
  Rendering website/home.html.erb within layouts/application
  [1m[36mArticle Load (0.3ms)[0m  [1m[34mSELECT "articles".* FROM "articles"[0m
  Rendered website/home.html.erb within layouts/application (2.0ms)
Completed 200 OK in 49ms (Views: 46.5ms | ActiveRecord: 0.3ms)


Started GET "/" for ::1 at 2017-03-24 23:24:54 -0500
Processing by WebsiteController#home as HTML
  Rendering website/home.html.erb within layouts/application
  [1m[36mArticle Load (0.2ms)[0m  [1m[34mSELECT "articles".* FROM "articles"[0m
  Rendered website/home.html.erb within layouts/application (1.3ms)
Completed 200 OK in 31ms (Views: 28.1ms | ActiveRecord: 0.2ms)


Started GET "/" for ::1 at 2017-03-24 23:28:11 -0500
Processing by WebsiteController#home as HTML
  Rendering website/home.html.erb within layouts/application
  [1m[36mArticle Load (0.2ms)[0m  [1m[34mSELECT "articles".* FROM "articles"[0m
  Rendered website/home.html.erb within layouts/application (1.3ms)
Completed 200 OK in 31ms (Views: 28.8ms | ActiveRecord: 0.2ms)


Started GET "/" for ::1 at 2017-03-24 23:28:18 -0500
Processing by WebsiteController#home as HTML
  Rendering website/home.html.erb within layouts/application
  [1m[36mArticle Load (0.2ms)[0m  [1m[34mSELECT "articles".* FROM "articles"[0m
  Rendered website/home.html.erb within layouts/application (2.5ms)
Completed 200 OK in 53ms (Views: 50.6ms | ActiveRecord: 0.2ms)


Started GET "/" for ::1 at 2017-03-24 23:29:14 -0500
Processing by WebsiteController#home as HTML
  Rendering website/home.html.erb within layouts/application
  [1m[36mArticle Load (0.2ms)[0m  [1m[34mSELECT "articles".* FROM "articles"[0m
  Rendered website/home.html.erb within layouts/application (1.7ms)
Completed 200 OK in 29ms (Views: 26.6ms | ActiveRecord: 0.2ms)


Started GET "/" for ::1 at 2017-03-24 23:29:33 -0500
Processing by WebsiteController#home as HTML
  Rendering website/home.html.erb within layouts/application
  [1m[36mArticle Load (0.2ms)[0m  [1m[34mSELECT "articles".* FROM "articles"[0m
  Rendered website/home.html.erb within layouts/application (1.3ms)
Completed 200 OK in 48ms (Views: 45.2ms | ActiveRecord: 0.2ms)


Started GET "/" for ::1 at 2017-03-24 23:29:44 -0500
Processing by WebsiteController#home as HTML
  Rendering website/home.html.erb within layouts/application
  [1m[36mArticle Load (0.2ms)[0m  [1m[34mSELECT "articles".* FROM "articles"[0m
  Rendered website/home.html.erb within layouts/application (1.4ms)
Completed 200 OK in 50ms (Views: 47.5ms | ActiveRecord: 0.2ms)


Started GET "/" for ::1 at 2017-03-24 23:29:55 -0500
Processing by WebsiteController#home as HTML
  Rendering website/home.html.erb within layouts/application
  [1m[36mArticle Load (0.2ms)[0m  [1m[34mSELECT "articles".* FROM "articles"[0m
  Rendered website/home.html.erb within layouts/application (1.3ms)
Completed 200 OK in 56ms (Views: 53.5ms | ActiveRecord: 0.2ms)


Started GET "/" for ::1 at 2017-03-24 23:30:28 -0500
Processing by WebsiteController#home as HTML
  Rendering website/home.html.erb within layouts/application
  [1m[36mArticle Load (0.3ms)[0m  [1m[34mSELECT "articles".* FROM "articles"[0m
  Rendered website/home.html.erb within layouts/application (1.6ms)
Completed 200 OK in 29ms (Views: 26.2ms | ActiveRecord: 0.3ms)


Started GET "/" for ::1 at 2017-03-24 23:31:04 -0500
Processing by WebsiteController#home as HTML
  Rendering website/home.html.erb within layouts/application
  [1m[36mArticle Load (0.2ms)[0m  [1m[34mSELECT "articles".* FROM "articles"[0m
  Rendered website/home.html.erb within layouts/application (1.3ms)
Completed 200 OK in 27ms (Views: 25.1ms | ActiveRecord: 0.2ms)


Started GET "/" for ::1 at 2017-03-24 23:31:19 -0500
Processing by WebsiteController#home as HTML
  Rendering website/home.html.erb within layouts/application
  [1m[36mArticle Load (0.2ms)[0m  [1m[34mSELECT "articles".* FROM "articles"[0m
  Rendered website/home.html.erb within layouts/application (1.4ms)
Completed 200 OK in 29ms (Views: 25.1ms | ActiveRecord: 0.2ms)


Started GET "/" for ::1 at 2017-03-24 23:33:11 -0500
Processing by WebsiteController#home as HTML
  Rendering website/home.html.erb within layouts/application
  [1m[36mArticle Load (0.4ms)[0m  [1m[34mSELECT "articles".* FROM "articles"[0m
  Rendered website/home.html.erb within layouts/application (2.1ms)
Completed 200 OK in 37ms (Views: 34.4ms | ActiveRecord: 0.4ms)


Started GET "/" for ::1 at 2017-03-24 23:34:42 -0500
Processing by WebsiteController#home as HTML
  Rendering website/home.html.erb within layouts/application
  [1m[36mArticle Load (0.2ms)[0m  [1m[34mSELECT "articles".* FROM "articles"[0m
  Rendered website/home.html.erb within layouts/application (1.6ms)
Completed 200 OK in 26ms (Views: 23.8ms | ActiveRecord: 0.2ms)


Started GET "/" for ::1 at 2017-03-24 23:35:02 -0500
Processing by WebsiteController#home as HTML
  Rendering website/home.html.erb within layouts/application
  [1m[36mArticle Load (0.2ms)[0m  [1m[34mSELECT "articles".* FROM "articles"[0m
  Rendered website/home.html.erb within layouts/application (2.0ms)
Completed 200 OK in 29ms (Views: 26.2ms | ActiveRecord: 0.2ms)


Started GET "/" for ::1 at 2017-03-24 23:35:22 -0500
Processing by WebsiteController#home as HTML
  Rendering website/home.html.erb within layouts/application
  [1m[36mArticle Load (0.2ms)[0m  [1m[34mSELECT "articles".* FROM "articles"[0m
  Rendered website/home.html.erb within layouts/application (1.6ms)
Completed 200 OK in 28ms (Views: 25.9ms | ActiveRecord: 0.2ms)


Started GET "/" for ::1 at 2017-03-24 23:36:05 -0500
Processing by WebsiteController#home as HTML
  Rendering website/home.html.erb within layouts/application
  [1m[36mArticle Load (0.2ms)[0m  [1m[34mSELECT "articles".* FROM "articles"[0m
  Rendered website/home.html.erb within layouts/application (2.2ms)
Completed 200 OK in 60ms (Views: 57.8ms | ActiveRecord: 0.2ms)


Started GET "/" for ::1 at 2017-03-24 23:36:24 -0500
Processing by WebsiteController#home as HTML
  Rendering website/home.html.erb within layouts/application
  [1m[36mArticle Load (0.2ms)[0m  [1m[34mSELECT "articles".* FROM "articles"[0m
  Rendered website/home.html.erb within layouts/application (1.7ms)
Completed 200 OK in 50ms (Views: 47.2ms | ActiveRecord: 0.2ms)


Started GET "/" for ::1 at 2017-03-24 23:36:36 -0500
Processing by WebsiteController#home as HTML
  Rendering website/home.html.erb within layouts/application
  [1m[36mArticle Load (0.1ms)[0m  [1m[34mSELECT "articles".* FROM "articles"[0m
  Rendered website/home.html.erb within layouts/application (1.5ms)
Completed 200 OK in 50ms (Views: 47.4ms | ActiveRecord: 0.1ms)


Started GET "/" for ::1 at 2017-03-24 23:37:02 -0500
Processing by WebsiteController#home as HTML
  Rendering website/home.html.erb within layouts/application
  [1m[36mArticle Load (0.2ms)[0m  [1m[34mSELECT "articles".* FROM "articles"[0m
  Rendered website/home.html.erb within layouts/application (2.1ms)
Completed 200 OK in 67ms (Views: 63.6ms | ActiveRecord: 0.2ms)


Started GET "/" for ::1 at 2017-03-24 23:37:09 -0500
Processing by WebsiteController#home as HTML
  Rendering website/home.html.erb within layouts/application
  [1m[36mArticle Load (0.2ms)[0m  [1m[34mSELECT "articles".* FROM "articles"[0m
  Rendered website/home.html.erb within layouts/application (1.6ms)
Completed 200 OK in 30ms (Views: 27.1ms | ActiveRecord: 0.2ms)


Started GET "/" for ::1 at 2017-03-24 23:37:17 -0500
Processing by WebsiteController#home as HTML
  Rendering website/home.html.erb within layouts/application
  [1m[36mArticle Load (0.3ms)[0m  [1m[34mSELECT "articles".* FROM "articles"[0m
  Rendered website/home.html.erb within layouts/application (1.7ms)
Completed 200 OK in 53ms (Views: 49.2ms | ActiveRecord: 0.3ms)


Started GET "/" for ::1 at 2017-03-24 23:37:22 -0500
Processing by WebsiteController#home as HTML
  Rendering website/home.html.erb within layouts/application
  [1m[36mArticle Load (0.1ms)[0m  [1m[34mSELECT "articles".* FROM "articles"[0m
  Rendered website/home.html.erb within layouts/application (1.6ms)
Completed 200 OK in 52ms (Views: 49.5ms | ActiveRecord: 0.1ms)


Started GET "/" for ::1 at 2017-03-24 23:40:33 -0500
Processing by WebsiteController#home as HTML
  Rendering website/home.html.erb within layouts/application
  [1m[36mArticle Load (0.2ms)[0m  [1m[34mSELECT "articles".* FROM "articles"[0m
  Rendered website/home.html.erb within layouts/application (1.7ms)
Completed 200 OK in 28ms (Views: 25.3ms | ActiveRecord: 0.2ms)


Started GET "/" for ::1 at 2017-03-24 23:40:44 -0500
Processing by WebsiteController#home as HTML
  Rendering website/home.html.erb within layouts/application
  [1m[36mArticle Load (0.1ms)[0m  [1m[34mSELECT "articles".* FROM "articles"[0m
  Rendered website/home.html.erb within layouts/application (1.5ms)
Completed 200 OK in 25ms (Views: 22.6ms | ActiveRecord: 0.1ms)


Started GET "/" for ::1 at 2017-03-24 23:41:14 -0500
Processing by WebsiteController#home as HTML
  Rendering website/home.html.erb within layouts/application
  [1m[36mArticle Load (0.4ms)[0m  [1m[34mSELECT "articles".* FROM "articles"[0m
  Rendered website/home.html.erb within layouts/application (3.2ms)
Completed 200 OK in 31ms (Views: 28.4ms | ActiveRecord: 0.4ms)


Started GET "/" for ::1 at 2017-03-24 23:42:56 -0500
Processing by WebsiteController#home as HTML
  Rendering website/home.html.erb within layouts/application
  [1m[36mArticle Load (0.3ms)[0m  [1m[34mSELECT "articles".* FROM "articles"[0m
  Rendered website/home.html.erb within layouts/application (2.8ms)
Completed 200 OK in 40ms (Views: 37.2ms | ActiveRecord: 0.3ms)


Started GET "/" for ::1 at 2017-03-24 23:43:12 -0500
Processing by WebsiteController#home as HTML
  Rendering website/home.html.erb within layouts/application
  [1m[36mArticle Load (0.2ms)[0m  [1m[34mSELECT "articles".* FROM "articles"[0m
  Rendered website/home.html.erb within layouts/application (1.5ms)
Completed 200 OK in 53ms (Views: 50.7ms | ActiveRecord: 0.1ms)


Started GET "/" for ::1 at 2017-03-24 23:44:55 -0500
Processing by WebsiteController#home as HTML
  Rendering website/home.html.erb within layouts/application
  [1m[36mArticle Load (0.1ms)[0m  [1m[34mSELECT "articles".* FROM "articles"[0m
  Rendered website/home.html.erb within layouts/application (1.4ms)
Completed 200 OK in 71ms (Views: 68.7ms | ActiveRecord: 0.1ms)


Started GET "/" for ::1 at 2017-03-24 23:45:13 -0500
Processing by WebsiteController#home as HTML
  Rendering website/home.html.erb within layouts/application
  [1m[36mArticle Load (0.2ms)[0m  [1m[34mSELECT "articles".* FROM "articles"[0m
  Rendered website/home.html.erb within layouts/application (1.6ms)
Completed 200 OK in 28ms (Views: 25.2ms | ActiveRecord: 0.2ms)


Started GET "/" for ::1 at 2017-03-24 23:45:40 -0500
Processing by WebsiteController#home as HTML
  Rendering website/home.html.erb within layouts/application
  [1m[36mArticle Load (0.2ms)[0m  [1m[34mSELECT "articles".* FROM "articles"[0m
  Rendered website/home.html.erb within layouts/application (2.1ms)
Completed 200 OK in 41ms (Views: 38.8ms | ActiveRecord: 0.2ms)


Started GET "/" for ::1 at 2017-03-24 23:45:45 -0500
Processing by WebsiteController#home as HTML
  Rendering website/home.html.erb within layouts/application
  [1m[36mArticle Load (0.2ms)[0m  [1m[34mSELECT "articles".* FROM "articles"[0m
  Rendered website/home.html.erb within layouts/application (1.9ms)
Completed 200 OK in 29ms (Views: 26.2ms | ActiveRecord: 0.2ms)


Started GET "/" for ::1 at 2017-03-24 23:45:51 -0500
Processing by WebsiteController#home as HTML
  Rendering website/home.html.erb within layouts/application
  [1m[36mArticle Load (0.3ms)[0m  [1m[34mSELECT "articles".* FROM "articles"[0m
  Rendered website/home.html.erb within layouts/application (1.8ms)
Completed 200 OK in 32ms (Views: 28.5ms | ActiveRecord: 0.3ms)


Started GET "/" for ::1 at 2017-03-24 23:46:01 -0500
Processing by WebsiteController#home as HTML
  Rendering website/home.html.erb within layouts/application
  [1m[36mArticle Load (0.2ms)[0m  [1m[34mSELECT "articles".* FROM "articles"[0m
  Rendered website/home.html.erb within layouts/application (1.7ms)
Completed 200 OK in 31ms (Views: 28.9ms | ActiveRecord: 0.2ms)


Started GET "/" for ::1 at 2017-03-24 23:46:48 -0500
Processing by WebsiteController#home as HTML
  Rendering website/home.html.erb within layouts/application
  [1m[36mArticle Load (0.2ms)[0m  [1m[34mSELECT "articles".* FROM "articles"[0m
  Rendered website/home.html.erb within layouts/application (2.5ms)
Completed 200 OK in 43ms (Views: 39.5ms | ActiveRecord: 0.2ms)


Started GET "/" for ::1 at 2017-03-24 23:46:58 -0500
Processing by WebsiteController#home as HTML
  Rendering website/home.html.erb within layouts/application
  [1m[36mArticle Load (0.2ms)[0m  [1m[34mSELECT "articles".* FROM "articles"[0m
  Rendered website/home.html.erb within layouts/application (2.3ms)
Completed 200 OK in 37ms (Views: 34.1ms | ActiveRecord: 0.2ms)


Started GET "/" for ::1 at 2017-03-24 23:47:30 -0500
Processing by WebsiteController#home as HTML
  Rendering website/home.html.erb within layouts/application
  [1m[36mArticle Load (0.2ms)[0m  [1m[34mSELECT "articles".* FROM "articles"[0m
  Rendered website/home.html.erb within layouts/application (2.7ms)
Completed 200 OK in 57ms (Views: 55.1ms | ActiveRecord: 0.2ms)


Started GET "/" for ::1 at 2017-03-24 23:47:46 -0500
Processing by WebsiteController#home as HTML
  Rendering website/home.html.erb within layouts/application
  [1m[36mArticle Load (0.2ms)[0m  [1m[34mSELECT "articles".* FROM "articles"[0m
  Rendered website/home.html.erb within layouts/application (2.1ms)
Completed 200 OK in 54ms (Views: 51.0ms | ActiveRecord: 0.2ms)


Started GET "/" for ::1 at 2017-03-24 23:47:48 -0500
Processing by WebsiteController#home as HTML
  Rendering website/home.html.erb within layouts/application
  [1m[36mArticle Load (0.3ms)[0m  [1m[34mSELECT "articles".* FROM "articles"[0m
  Rendered website/home.html.erb within layouts/application (3.3ms)
Completed 200 OK in 41ms (Views: 38.3ms | ActiveRecord: 0.3ms)


Started GET "/" for ::1 at 2017-03-24 23:48:11 -0500
Processing by WebsiteController#home as HTML
  Rendering website/home.html.erb within layouts/application
  [1m[36mArticle Load (0.2ms)[0m  [1m[34mSELECT "articles".* FROM "articles"[0m
  Rendered website/home.html.erb within layouts/application (2.0ms)
Completed 200 OK in 53ms (Views: 50.1ms | ActiveRecord: 0.2ms)


Started GET "/" for ::1 at 2017-03-24 23:48:39 -0500
Processing by WebsiteController#home as HTML
  Rendering website/home.html.erb within layouts/application
  [1m[36mArticle Load (0.3ms)[0m  [1m[34mSELECT "articles".* FROM "articles"[0m
  Rendered website/home.html.erb within layouts/application (3.2ms)
Completed 200 OK in 32ms (Views: 29.1ms | ActiveRecord: 0.3ms)


Started GET "/" for ::1 at 2017-03-24 23:49:04 -0500
Processing by WebsiteController#home as HTML
  Rendering website/home.html.erb within layouts/application
  [1m[36mArticle Load (0.2ms)[0m  [1m[34mSELECT "articles".* FROM "articles"[0m
  Rendered website/home.html.erb within layouts/application (2.1ms)
Completed 200 OK in 29ms (Views: 26.5ms | ActiveRecord: 0.2ms)


Started GET "/articles/2" for ::1 at 2017-03-24 23:49:06 -0500
Processing by ArticlesController#show as HTML
  Parameters: {"id"=>"2"}
  [1m[36mArticle Load (0.2ms)[0m  [1m[34mSELECT  "articles".* FROM "articles" WHERE "articles"."id" = ? LIMIT ?[0m  [["id", 2], ["LIMIT", 1]]
  Rendering articles/show.html.erb within layouts/application
  Rendered articles/show.html.erb within layouts/application (2.3ms)
Completed 200 OK in 55ms (Views: 51.1ms | ActiveRecord: 0.2ms)


Started GET "/articles" for ::1 at 2017-03-24 23:49:07 -0500
Processing by ArticlesController#index as HTML
  Rendering articles/index.html.erb within layouts/application
  [1m[36mArticle Load (0.7ms)[0m  [1m[34mSELECT "articles".* FROM "articles"[0m
  Rendered articles/index.html.erb within layouts/application (16.6ms)
Completed 200 OK in 68ms (Views: 64.1ms | ActiveRecord: 0.7ms)


Started GET "/articles" for ::1 at 2017-03-24 23:49:12 -0500
Processing by ArticlesController#index as HTML
  Rendering articles/index.html.erb within layouts/application
  [1m[36mArticle Load (0.2ms)[0m  [1m[34mSELECT "articles".* FROM "articles"[0m
  Rendered articles/index.html.erb within layouts/application (3.4ms)
Completed 200 OK in 67ms (Views: 64.9ms | ActiveRecord: 0.2ms)


Started GET "/" for ::1 at 2017-03-24 23:49:14 -0500
Processing by WebsiteController#home as HTML
  Rendering website/home.html.erb within layouts/application
  [1m[36mArticle Load (0.2ms)[0m  [1m[34mSELECT "articles".* FROM "articles"[0m
  Rendered website/home.html.erb within layouts/application (2.5ms)
Completed 200 OK in 33ms (Views: 30.1ms | ActiveRecord: 0.2ms)


Started GET "/articles/2" for ::1 at 2017-03-25 09:11:38 -0500
Processing by ArticlesController#show as HTML
  Parameters: {"id"=>"2"}
  [1m[36mArticle Load (0.4ms)[0m  [1m[34mSELECT  "articles".* FROM "articles" WHERE "articles"."id" = ? LIMIT ?[0m  [["id", 2], ["LIMIT", 1]]
  Rendering articles/show.html.erb within layouts/application
  Rendered articles/show.html.erb within layouts/application (2.7ms)
Completed 200 OK in 56ms (Views: 51.3ms | ActiveRecord: 0.4ms)


Started GET "/articles/3" for ::1 at 2017-03-25 09:12:01 -0500
Processing by ArticlesController#show as HTML
  Parameters: {"id"=>"3"}
  [1m[36mArticle Load (0.1ms)[0m  [1m[34mSELECT  "articles".* FROM "articles" WHERE "articles"."id" = ? LIMIT ?[0m  [["id", 3], ["LIMIT", 1]]
  Rendering articles/show.html.erb within layouts/application
  Rendered articles/show.html.erb within layouts/application (5.0ms)
Completed 200 OK in 57ms (Views: 53.2ms | ActiveRecord: 0.1ms)


Started GET "/articles" for ::1 at 2017-03-25 09:12:03 -0500
Processing by ArticlesController#index as HTML
  Rendering articles/index.html.erb within layouts/application
  [1m[36mArticle Load (1.2ms)[0m  [1m[34mSELECT "articles".* FROM "articles"[0m
  Rendered articles/index.html.erb within layouts/application (11.1ms)
Completed 200 OK in 57ms (Views: 52.8ms | ActiveRecord: 1.2ms)


Started GET "/articles" for ::1 at 2017-03-25 09:13:28 -0500
Processing by ArticlesController#index as HTML
  Rendering articles/index.html.erb within layouts/application
  [1m[36mArticle Load (0.2ms)[0m  [1m[34mSELECT "articles".* FROM "articles"[0m
  Rendered articles/index.html.erb within layouts/application (2.4ms)
Completed 200 OK in 31ms (Views: 27.5ms | ActiveRecord: 0.2ms)


Started GET "/" for ::1 at 2017-03-25 09:13:46 -0500
Processing by WebsiteController#home as HTML
  Rendering website/home.html.erb within layouts/application
  [1m[36mArticle Load (0.2ms)[0m  [1m[34mSELECT "articles".* FROM "articles"[0m
  Rendered website/home.html.erb within layouts/application (2.3ms)
Completed 200 OK in 34ms (Views: 31.4ms | ActiveRecord: 0.2ms)


Started GET "/" for ::1 at 2017-03-26 12:35:54 -0500
  [1m[36mActiveRecord::SchemaMigration Load (0.8ms)[0m  [1m[34mSELECT "schema_migrations".* FROM "schema_migrations"[0m
Processing by WebsiteController#home as HTML
  Rendering website/home.html.erb within layouts/application
  [1m[36mArticle Load (0.5ms)[0m  [1m[34mSELECT "articles".* FROM "articles"[0m
  Rendered website/home.html.erb within layouts/application (18.9ms)
Completed 200 OK in 571ms (Views: 548.9ms | ActiveRecord: 1.2ms)


Started GET "/articles/2" for ::1 at 2017-03-26 12:36:17 -0500
Processing by ArticlesController#show as HTML
  Parameters: {"id"=>"2"}
  [1m[36mArticle Load (2.1ms)[0m  [1m[34mSELECT  "articles".* FROM "articles" WHERE "articles"."id" = ? LIMIT ?[0m  [["id", 2], ["LIMIT", 1]]
  Rendering articles/show.html.erb within layouts/application
  Rendered articles/show.html.erb within layouts/application (2.4ms)
Completed 200 OK in 77ms (Views: 55.6ms | ActiveRecord: 2.1ms)


